1: package io;
2: 
3: import java.io.*;
4: 
5: // Привет мир!
6: 
7: public class FileOutputShortcut {
8:     static String file = "src/io/FileOutputShortcut.out";
9: 
10:     public static void main(String[] args) throws IOException {
11:         BufferedReader in = new BufferedReader(new StringReader(BufferedInputFile.read("src/io/FileOutputShortcut.java")));
12: // Here’s the shortcut:
13:         PrintWriter out = new PrintWriter(file);
14:         int lineCount = 1;
15:         String s;
16:         while ((s = in.readLine()) != null)
17:             out.println(lineCount++ + ": " + s);
18:         out.close();
19: // Show the stored file:
20:         System.out.println(BufferedInputFile.read(file));
21:     }
22: }
